# JRE version: Java(TM) SE Runtime Environment 18.9 (11.0.12+8) (build 11.0.12+8-LTS-237)
# Java VM: Java HotSpot(TM) 64-Bit Server VM 18.9 (11.0.12+8-LTS-237, mixed mode, tiered, compressed oops, g1 gc, windows-amd64)
Heap:
 garbage-first heap   total 126976K, used 19016K [0x0000000084600000, 0x0000000100000000)
  region size 1024K, 16 young (16384K), 8 survivors (8192K)
 Metaspace       used 35463K, capacity 36537K, committed 36608K, reserved 1081344K
  class space    used 4073K, capacity 4480K, committed 4480K, reserved 1048576K
GC Heap History (8 events):
Event: 3.280 GC heap before
{Heap before GC invocations=0 (full 0):
 garbage-first heap   total 126976K, used 23552K [0x0000000084600000, 0x0000000100000000)
  region size 1024K, 24 young (24576K), 0 survivors (0K)
 Metaspace       used 10906K, capacity 11088K, committed 11392K, reserved 1058816K
  class space    used 1031K, capacity 1100K, committed 1152K, reserved 1048576K
}
Event: 3.296 GC heap after
{Heap after GC invocations=1 (full 0):
 garbage-first heap   total 126976K, used 4458K [0x0000000084600000, 0x0000000100000000)
  region size 1024K, 3 young (3072K), 3 survivors (3072K)
 Metaspace       used 10906K, capacity 11088K, committed 11392K, reserved 1058816K
  class space    used 1031K, capacity 1100K, committed 1152K, reserved 1048576K
}
Event: 5.779 GC heap before
{Heap before GC invocations=1 (full 0):
 garbage-first heap   total 126976K, used 51562K [0x0000000084600000, 0x0000000100000000)
  region size 1024K, 51 young (52224K), 3 survivors (3072K)
 Metaspace       used 20605K, capacity 21138K, committed 21248K, reserved 1069056K
  class space    used 2246K, capacity 2483K, committed 2560K, reserved 1048576K
}
Event: 5.793 GC heap after
{Heap after GC invocations=2 (full 0):
 garbage-first heap   total 126976K, used 6608K [0x0000000084600000, 0x0000000100000000)
  region size 1024K, 6 young (6144K), 6 survivors (6144K)
 Metaspace       used 20605K, capacity 21138K, committed 21248K, reserved 1069056K
  class space    used 2246K, capacity 2483K, committed 2560K, reserved 1048576K
}
Event: 7.813 GC heap before
{Heap before GC invocations=3 (full 0):
 garbage-first heap   total 126976K, used 55760K [0x0000000084600000, 0x0000000100000000)
  region size 1024K, 54 young (55296K), 6 survivors (6144K)
 Metaspace       used 26721K, capacity 27402K, committed 27648K, reserved 1073152K
  class space    used 3002K, capacity 3260K, committed 3328K, reserved 1048576K
}
Event: 7.824 GC heap after
{Heap after GC invocations=4 (full 0):
 garbage-first heap   total 126976K, used 8417K [0x0000000084600000, 0x0000000100000000)
  region size 1024K, 4 young (4096K), 4 survivors (4096K)
 Metaspace       used 26721K, capacity 27402K, committed 27648K, reserved 1073152K
  class space    used 3002K, capacity 3260K, committed 3328K, reserved 1048576K
}
Event: 11.916 GC heap before
{Heap before GC invocations=4 (full 0):
 garbage-first heap   total 126976K, used 62689K [0x0000000084600000, 0x0000000100000000)
  region size 1024K, 58 young (59392K), 4 survivors (4096K)
 Metaspace       used 34650K, capacity 35666K, committed 35840K, reserved 1081344K
  class space    used 3965K, capacity 4367K, committed 4480K, reserved 1048576K
}
Event: 11.934 GC heap after
{Heap after GC invocations=5 (full 0):
 garbage-first heap   total 126976K, used 11848K [0x0000000084600000, 0x0000000100000000)
  region size 1024K, 8 young (8192K), 8 survivors (8192K)
 Metaspace       used 34650K, capacity 35666K, committed 35840K, reserved 1081344K
  class space    used 3965K, capacity 4367K, committed 4480K, reserved 1048576K
}

